# JRE version: OpenJDK Runtime Environment Temurin-21.0.6+7 (21.0.6+7) (build 21.0.6+7-LTS)
# Java VM: OpenJDK 64-Bit Server VM Temurin-21.0.6+7 (21.0.6+7-LTS, mixed mode, sharing, tiered, compressed oops, compressed class ptrs, parallel gc, windows-amd64)
GC Precious Log:
 CardTable entry size: 512
 CPUs: 8 total, 8 available
 Memory: 8051M
 Large Page Support: Disabled
 NUMA Support: Disabled
 Compressed Oops: Enabled (32-bit)
 Alignments: Space 512K, Generation 512K, Heap 2M
 Heap Min Capacity: 100M
 Heap Initial Capacity: 100M
 Heap Max Capacity: 1G
 Pre-touch: Disabled
 Parallel Workers: 8
Heap:
 PSYoungGen      total 23552K, used 17166K [0x00000000eab00000, 0x00000000ec680000, 0x0000000100000000)
  eden space 22016K, 71% used [0x00000000eab00000,0x00000000eba4bb40,0x00000000ec080000)
  from space 1536K, 97% used [0x00000000ec100000,0x00000000ec278010,0x00000000ec280000)
  to   space 3072K, 0% used [0x00000000ec380000,0x00000000ec380000,0x00000000ec680000)
 ParOldGen       total 68608K, used 26227K [0x00000000c0000000, 0x00000000c4300000, 0x00000000eab00000)
  object space 68608K, 38% used [0x00000000c0000000,0x00000000c199cf68,0x00000000c4300000)
 Metaspace       used 54008K, committed 55168K, reserved 1114112K
  class space    used 5838K, committed 6336K, reserved 1048576K
GC Heap History (20 events):
Event: 8.047 GC heap before
{Heap before GC invocations=14 (full 1):
 PSYoungGen      total 22528K, used 22121K [0x00000000eab00000, 0x00000000ec880000, 0x0000000100000000)
  eden space 22016K, 98% used [0x00000000eab00000,0x00000000ec01ab58,0x00000000ec080000)
  from space 512K, 99% used [0x00000000ec800000,0x00000000ec87f9a0,0x00000000ec880000)
  to   space 3072K, 0% used [0x00000000ec280000,0x00000000ec280000,0x00000000ec580000)
 ParOldGen       total 68608K, used 17415K [0x00000000c0000000, 0x00000000c4300000, 0x00000000eab00000)
  object space 68608K, 25% used [0x00000000c0000000,0x00000000c1101e58,0x00000000c4300000)
 Metaspace       used 34769K, committed 35840K, reserved 1114112K
  class space    used 3479K, committed 3968K, reserved 1048576K
}
Event: 8.051 GC heap after
{Heap after GC invocations=14 (full 1):
 PSYoungGen      total 25088K, used 1725K [0x00000000eab00000, 0x00000000ec880000, 0x0000000100000000)
  eden space 22016K, 0% used [0x00000000eab00000,0x00000000eab00000,0x00000000ec080000)
  from space 3072K, 56% used [0x00000000ec280000,0x00000000ec42f680,0x00000000ec580000)
  to   space 2560K, 0% used [0x00000000ec600000,0x00000000ec600000,0x00000000ec880000)
 ParOldGen       total 68608K, used 17952K [0x00000000c0000000, 0x00000000c4300000, 0x00000000eab00000)
  object space 68608K, 26% used [0x00000000c0000000,0x00000000c1188150,0x00000000c4300000)
 Metaspace       used 34769K, committed 35840K, reserved 1114112K
  class space    used 3479K, committed 3968K, reserved 1048576K
}
Event: 8.051 GC heap before
{Heap before GC invocations=15 (full 2):
 PSYoungGen      total 25088K, used 1725K [0x00000000eab00000, 0x00000000ec880000, 0x0000000100000000)
  eden space 22016K, 0% used [0x00000000eab00000,0x00000000eab00000,0x00000000ec080000)
  from space 3072K, 56% used [0x00000000ec280000,0x00000000ec42f680,0x00000000ec580000)
  to   space 2560K, 0% used [0x00000000ec600000,0x00000000ec600000,0x00000000ec880000)
 ParOldGen       total 68608K, used 17952K [0x00000000c0000000, 0x00000000c4300000, 0x00000000eab00000)
  object space 68608K, 26% used [0x00000000c0000000,0x00000000c1188150,0x00000000c4300000)
 Metaspace       used 34769K, committed 35840K, reserved 1114112K
  class space    used 3479K, committed 3968K, reserved 1048576K
}
Event: 8.117 GC heap after
{Heap after GC invocations=15 (full 2):
 PSYoungGen      total 25088K, used 0K [0x00000000eab00000, 0x00000000ec880000, 0x0000000100000000)
  eden space 22016K, 0% used [0x00000000eab00000,0x00000000eab00000,0x00000000ec080000)
  from space 3072K, 0% used [0x00000000ec280000,0x00000000ec280000,0x00000000ec580000)
  to   space 2560K, 0% used [0x00000000ec600000,0x00000000ec600000,0x00000000ec880000)
 ParOldGen       total 68608K, used 18990K [0x00000000c0000000, 0x00000000c4300000, 0x00000000eab00000)
  object space 68608K, 27% used [0x00000000c0000000,0x00000000c128bac8,0x00000000c4300000)
 Metaspace       used 34759K, committed 35840K, reserved 1114112K
  class space    used 3476K, committed 3968K, reserved 1048576K
}
Event: 8.359 GC heap before
{Heap before GC invocations=16 (full 2):
 PSYoungGen      total 25088K, used 22016K [0x00000000eab00000, 0x00000000ec880000, 0x0000000100000000)
  eden space 22016K, 100% used [0x00000000eab00000,0x00000000ec080000,0x00000000ec080000)
  from space 3072K, 0% used [0x00000000ec280000,0x00000000ec280000,0x00000000ec580000)
  to   space 2560K, 0% used [0x00000000ec600000,0x00000000ec600000,0x00000000ec880000)
 ParOldGen       total 68608K, used 18990K [0x00000000c0000000, 0x00000000c4300000, 0x00000000eab00000)
  object space 68608K, 27% used [0x00000000c0000000,0x00000000c128bac8,0x00000000c4300000)
 Metaspace       used 37490K, committed 38528K, reserved 1114112K
  class space    used 3814K, committed 4224K, reserved 1048576K
}
Event: 8.362 GC heap after
{Heap after GC invocations=16 (full 2):
 PSYoungGen      total 23040K, used 896K [0x00000000eab00000, 0x00000000ec700000, 0x0000000100000000)
  eden space 22016K, 0% used [0x00000000eab00000,0x00000000eab00000,0x00000000ec080000)
  from space 1024K, 87% used [0x00000000ec600000,0x00000000ec6e0000,0x00000000ec700000)
  to   space 1536K, 0% used [0x00000000ec400000,0x00000000ec400000,0x00000000ec580000)
 ParOldGen       total 68608K, used 18998K [0x00000000c0000000, 0x00000000c4300000, 0x00000000eab00000)
  object space 68608K, 27% used [0x00000000c0000000,0x00000000c128dac8,0x00000000c4300000)
 Metaspace       used 37490K, committed 38528K, reserved 1114112K
  class space    used 3814K, committed 4224K, reserved 1048576K
}
Event: 8.726 GC heap before
{Heap before GC invocations=17 (full 2):
 PSYoungGen      total 23040K, used 22896K [0x00000000eab00000, 0x00000000ec700000, 0x0000000100000000)
  eden space 22016K, 99% used [0x00000000eab00000,0x00000000ec07c0a8,0x00000000ec080000)
  from space 1024K, 87% used [0x00000000ec600000,0x00000000ec6e0000,0x00000000ec700000)
  to   space 1536K, 0% used [0x00000000ec400000,0x00000000ec400000,0x00000000ec580000)
 ParOldGen       total 68608K, used 18998K [0x00000000c0000000, 0x00000000c4300000, 0x00000000eab00000)
  object space 68608K, 27% used [0x00000000c0000000,0x00000000c128dac8,0x00000000c4300000)
 Metaspace       used 39866K, committed 40896K, reserved 1114112K
  class space    used 4144K, committed 4608K, reserved 1048576K
}
Event: 8.732 GC heap after
{Heap after GC invocations=17 (full 2):
 PSYoungGen      total 23552K, used 1081K [0x00000000eab00000, 0x00000000ec680000, 0x0000000100000000)
  eden space 22016K, 0% used [0x00000000eab00000,0x00000000eab00000,0x00000000ec080000)
  from space 1536K, 70% used [0x00000000ec400000,0x00000000ec50e470,0x00000000ec580000)
  to   space 1024K, 0% used [0x00000000ec580000,0x00000000ec580000,0x00000000ec680000)
 ParOldGen       total 68608K, used 19678K [0x00000000c0000000, 0x00000000c4300000, 0x00000000eab00000)
  object space 68608K, 28% used [0x00000000c0000000,0x00000000c1337ac8,0x00000000c4300000)
 Metaspace       used 39866K, committed 40896K, reserved 1114112K
  class space    used 4144K, committed 4608K, reserved 1048576K
}
Event: 9.233 GC heap before
{Heap before GC invocations=18 (full 2):
 PSYoungGen      total 23552K, used 23097K [0x00000000eab00000, 0x00000000ec680000, 0x0000000100000000)
  eden space 22016K, 100% used [0x00000000eab00000,0x00000000ec080000,0x00000000ec080000)
  from space 1536K, 70% used [0x00000000ec400000,0x00000000ec50e470,0x00000000ec580000)
  to   space 1024K, 0% used [0x00000000ec580000,0x00000000ec580000,0x00000000ec680000)
 ParOldGen       total 68608K, used 19678K [0x00000000c0000000, 0x00000000c4300000, 0x00000000eab00000)
  object space 68608K, 28% used [0x00000000c0000000,0x00000000c1337ac8,0x00000000c4300000)
 Metaspace       used 42424K, committed 43520K, reserved 1114112K
  class space    used 4452K, committed 4928K, reserved 1048576K
}
Event: 9.236 GC heap after
{Heap after GC invocations=18 (full 2):
 PSYoungGen      total 23040K, used 1024K [0x00000000eab00000, 0x00000000ec680000, 0x0000000100000000)
  eden space 22016K, 0% used [0x00000000eab00000,0x00000000eab00000,0x00000000ec080000)
  from space 1024K, 100% used [0x00000000ec580000,0x00000000ec680000,0x00000000ec680000)
  to   space 2048K, 0% used [0x00000000ec280000,0x00000000ec280000,0x00000000ec480000)
 ParOldGen       total 68608K, used 20545K [0x00000000c0000000, 0x00000000c4300000, 0x00000000eab00000)
  object space 68608K, 29% used [0x00000000c0000000,0x00000000c1410640,0x00000000c4300000)
 Metaspace       used 42424K, committed 43520K, reserved 1114112K
  class space    used 4452K, committed 4928K, reserved 1048576K
}
Event: 9.638 GC heap before
{Heap before GC invocations=19 (full 2):
 PSYoungGen      total 23040K, used 23040K [0x00000000eab00000, 0x00000000ec680000, 0x0000000100000000)
  eden space 22016K, 100% used [0x00000000eab00000,0x00000000ec080000,0x00000000ec080000)
  from space 1024K, 100% used [0x00000000ec580000,0x00000000ec680000,0x00000000ec680000)
  to   space 2048K, 0% used [0x00000000ec280000,0x00000000ec280000,0x00000000ec480000)
 ParOldGen       total 68608K, used 20545K [0x00000000c0000000, 0x00000000c4300000, 0x00000000eab00000)
  object space 68608K, 29% used [0x00000000c0000000,0x00000000c1410640,0x00000000c4300000)
 Metaspace       used 44983K, committed 46080K, reserved 1114112K
  class space    used 4770K, committed 5248K, reserved 1048576K
}
Event: 9.641 GC heap after
{Heap after GC invocations=19 (full 2):
 PSYoungGen      total 24064K, used 1232K [0x00000000eab00000, 0x00000000ec600000, 0x0000000100000000)
  eden space 22016K, 0% used [0x00000000eab00000,0x00000000eab00000,0x00000000ec080000)
  from space 2048K, 60% used [0x00000000ec280000,0x00000000ec3b4010,0x00000000ec480000)
  to   space 1536K, 0% used [0x00000000ec480000,0x00000000ec480000,0x00000000ec600000)
 ParOldGen       total 68608K, used 21473K [0x00000000c0000000, 0x00000000c4300000, 0x00000000eab00000)
  object space 68608K, 31% used [0x00000000c0000000,0x00000000c14f8640,0x00000000c4300000)
 Metaspace       used 44983K, committed 46080K, reserved 1114112K
  class space    used 4770K, committed 5248K, reserved 1048576K
}
Event: 10.334 GC heap before
{Heap before GC invocations=20 (full 2):
 PSYoungGen      total 24064K, used 23248K [0x00000000eab00000, 0x00000000ec600000, 0x0000000100000000)
  eden space 22016K, 100% used [0x00000000eab00000,0x00000000ec080000,0x00000000ec080000)
  from space 2048K, 60% used [0x00000000ec280000,0x00000000ec3b4010,0x00000000ec480000)
  to   space 1536K, 0% used [0x00000000ec480000,0x00000000ec480000,0x00000000ec600000)
 ParOldGen       total 68608K, used 21473K [0x00000000c0000000, 0x00000000c4300000, 0x00000000eab00000)
  object space 68608K, 31% used [0x00000000c0000000,0x00000000c14f8640,0x00000000c4300000)
 Metaspace       used 47260K, committed 48384K, reserved 1114112K
  class space    used 5085K, committed 5568K, reserved 1048576K
}
Event: 10.339 GC heap after
{Heap after GC invocations=20 (full 2):
 PSYoungGen      total 23552K, used 1536K [0x00000000eab00000, 0x00000000ec780000, 0x0000000100000000)
  eden space 22016K, 0% used [0x00000000eab00000,0x00000000eab00000,0x00000000ec080000)
  from space 1536K, 100% used [0x00000000ec480000,0x00000000ec600000,0x00000000ec600000)
  to   space 3584K, 0% used [0x00000000ec080000,0x00000000ec080000,0x00000000ec400000)
 ParOldGen       total 68608K, used 23081K [0x00000000c0000000, 0x00000000c4300000, 0x00000000eab00000)
  object space 68608K, 33% used [0x00000000c0000000,0x00000000c168a670,0x00000000c4300000)
 Metaspace       used 47260K, committed 48384K, reserved 1114112K
  class space    used 5085K, committed 5568K, reserved 1048576K
}
Event: 11.687 GC heap before
{Heap before GC invocations=21 (full 2):
 PSYoungGen      total 23552K, used 23552K [0x00000000eab00000, 0x00000000ec780000, 0x0000000100000000)
  eden space 22016K, 100% used [0x00000000eab00000,0x00000000ec080000,0x00000000ec080000)
  from space 1536K, 100% used [0x00000000ec480000,0x00000000ec600000,0x00000000ec600000)
  to   space 3584K, 0% used [0x00000000ec080000,0x00000000ec080000,0x00000000ec400000)
 ParOldGen       total 68608K, used 23081K [0x00000000c0000000, 0x00000000c4300000, 0x00000000eab00000)
  object space 68608K, 33% used [0x00000000c0000000,0x00000000c168a670,0x00000000c4300000)
 Metaspace       used 49345K, committed 50496K, reserved 1114112K
  class space    used 5299K, committed 5824K, reserved 1048576K
}
Event: 11.691 GC heap after
{Heap after GC invocations=21 (full 2):
 PSYoungGen      total 23040K, used 937K [0x00000000eab00000, 0x00000000ec500000, 0x0000000100000000)
  eden space 22016K, 0% used [0x00000000eab00000,0x00000000eab00000,0x00000000ec080000)
  from space 1024K, 91% used [0x00000000ec080000,0x00000000ec16a590,0x00000000ec180000)
  to   space 2048K, 0% used [0x00000000ec300000,0x00000000ec300000,0x00000000ec500000)
 ParOldGen       total 68608K, used 24518K [0x00000000c0000000, 0x00000000c4300000, 0x00000000eab00000)
  object space 68608K, 35% used [0x00000000c0000000,0x00000000c17f1880,0x00000000c4300000)
 Metaspace       used 49345K, committed 50496K, reserved 1114112K
  class space    used 5299K, committed 5824K, reserved 1048576K
}
Event: 12.211 GC heap before
{Heap before GC invocations=22 (full 2):
 PSYoungGen      total 23040K, used 22953K [0x00000000eab00000, 0x00000000ec500000, 0x0000000100000000)
  eden space 22016K, 99% used [0x00000000eab00000,0x00000000ec07ffd0,0x00000000ec080000)
  from space 1024K, 91% used [0x00000000ec080000,0x00000000ec16a590,0x00000000ec180000)
  to   space 2048K, 0% used [0x00000000ec300000,0x00000000ec300000,0x00000000ec500000)
 ParOldGen       total 68608K, used 24518K [0x00000000c0000000, 0x00000000c4300000, 0x00000000eab00000)
  object space 68608K, 35% used [0x00000000c0000000,0x00000000c17f1880,0x00000000c4300000)
 Metaspace       used 50135K, committed 51328K, reserved 1114112K
  class space    used 5382K, committed 5888K, reserved 1048576K
}
Event: 12.214 GC heap after
{Heap after GC invocations=22 (full 2):
 PSYoungGen      total 23040K, used 928K [0x00000000eab00000, 0x00000000ec400000, 0x0000000100000000)
  eden space 22016K, 0% used [0x00000000eab00000,0x00000000eab00000,0x00000000ec080000)
  from space 1024K, 90% used [0x00000000ec300000,0x00000000ec3e8000,0x00000000ec400000)
  to   space 1536K, 0% used [0x00000000ec100000,0x00000000ec100000,0x00000000ec280000)
 ParOldGen       total 68608K, used 25242K [0x00000000c0000000, 0x00000000c4300000, 0x00000000eab00000)
  object space 68608K, 36% used [0x00000000c0000000,0x00000000c18a6ab0,0x00000000c4300000)
 Metaspace       used 50135K, committed 51328K, reserved 1114112K
  class space    used 5382K, committed 5888K, reserved 1048576K
}
Event: 13.001 GC heap before
{Heap before GC invocations=23 (full 2):
 PSYoungGen      total 23040K, used 22940K [0x00000000eab00000, 0x00000000ec400000, 0x0000000100000000)
  eden space 22016K, 99% used [0x00000000eab00000,0x00000000ec07f338,0x00000000ec080000)
  from space 1024K, 90% used [0x00000000ec300000,0x00000000ec3e8000,0x00000000ec400000)
  to   space 1536K, 0% used [0x00000000ec100000,0x00000000ec100000,0x00000000ec280000)
 ParOldGen       total 68608K, used 25242K [0x00000000c0000000, 0x00000000c4300000, 0x00000000eab00000)
  object space 68608K, 36% used [0x00000000c0000000,0x00000000c18a6ab0,0x00000000c4300000)
 Metaspace       used 52685K, committed 53888K, reserved 1114112K
  class space    used 5678K, committed 6208K, reserved 1048576K
}
Event: 13.005 GC heap after
{Heap after GC invocations=23 (full 2):
 PSYoungGen      total 23552K, used 1504K [0x00000000eab00000, 0x00000000ec680000, 0x0000000100000000)
  eden space 22016K, 0% used [0x00000000eab00000,0x00000000eab00000,0x00000000ec080000)
  from space 1536K, 97% used [0x00000000ec100000,0x00000000ec278010,0x00000000ec280000)
  to   space 3072K, 0% used [0x00000000ec380000,0x00000000ec380000,0x00000000ec680000)
 ParOldGen       total 68608K, used 26227K [0x00000000c0000000, 0x00000000c4300000, 0x00000000eab00000)
  object space 68608K, 38% used [0x00000000c0000000,0x00000000c199cf68,0x00000000c4300000)
 Metaspace       used 52685K, committed 53888K, reserved 1114112K
  class space    used 5678K, committed 6208K, reserved 1048576K
}

