# JRE version: OpenJDK Runtime Environment Temurin-21.0.6+7 (21.0.6+7) (build 21.0.6+7-LTS)
# Java VM: OpenJDK 64-Bit Server VM Temurin-21.0.6+7 (21.0.6+7-LTS, mixed mode, sharing, tiered, compressed oops, compressed class ptrs, parallel gc, windows-amd64)
GC Precious Log:
 CardTable entry size: 512
 CPUs: 8 total, 8 available
 Memory: 8051M
 Large Page Support: Disabled
 NUMA Support: Disabled
 Compressed Oops: Enabled (32-bit)
 Alignments: Space 512K, Generation 512K, Heap 2M
 Heap Min Capacity: 100M
 Heap Initial Capacity: 100M
 Heap Max Capacity: 1G
 Pre-touch: Disabled
 Parallel Workers: 8
Heap:
 PSYoungGen      total 12800K, used 4042K [0x00000000eab00000, 0x00000000eb900000, 0x0000000100000000)
  eden space 11264K, 25% used [0x00000000eab00000,0x00000000eadceea0,0x00000000eb600000)
  from space 1536K, 75% used [0x00000000eb780000,0x00000000eb8a3ad0,0x00000000eb900000)
  to   space 1536K, 0% used [0x00000000eb600000,0x00000000eb600000,0x00000000eb780000)
 ParOldGen       total 272896K, used 250818K [0x00000000c0000000, 0x00000000d0a80000, 0x00000000eab00000)
  object space 272896K, 91% used [0x00000000c0000000,0x00000000cf4f0960,0x00000000d0a80000)
 Metaspace       used 60104K, committed 61568K, reserved 1114112K
  class space    used 6257K, committed 6912K, reserved 1048576K
GC Heap History (20 events):
Event: 18.177 GC heap before
{Heap before GC invocations=417 (full 3):
 PSYoungGen      total 12800K, used 12703K [0x00000000eab00000, 0x00000000eb900000, 0x0000000100000000)
  eden space 11264K, 100% used [0x00000000eab00000,0x00000000eb600000,0x00000000eb600000)
  from space 1536K, 93% used [0x00000000eb600000,0x00000000eb767da0,0x00000000eb780000)
  to   space 1536K, 0% used [0x00000000eb780000,0x00000000eb780000,0x00000000eb900000)
 ParOldGen       total 266752K, used 266640K [0x00000000c0000000, 0x00000000d0480000, 0x00000000eab00000)
  object space 266752K, 99% used [0x00000000c0000000,0x00000000d0464280,0x00000000d0480000)
 Metaspace       used 60102K, committed 61568K, reserved 1114112K
  class space    used 6257K, committed 6912K, reserved 1048576K
}
Event: 18.184 GC heap after
{Heap after GC invocations=417 (full 3):
 PSYoungGen      total 12800K, used 1397K [0x00000000eab00000, 0x00000000eb900000, 0x0000000100000000)
  eden space 11264K, 0% used [0x00000000eab00000,0x00000000eab00000,0x00000000eb600000)
  from space 1536K, 91% used [0x00000000eb780000,0x00000000eb8dd7a0,0x00000000eb900000)
  to   space 1536K, 0% used [0x00000000eb600000,0x00000000eb600000,0x00000000eb780000)
 ParOldGen       total 268288K, used 267911K [0x00000000c0000000, 0x00000000d0600000, 0x00000000eab00000)
  object space 268288K, 99% used [0x00000000c0000000,0x00000000d05a1fc8,0x00000000d0600000)
 Metaspace       used 60102K, committed 61568K, reserved 1114112K
  class space    used 6257K, committed 6912K, reserved 1048576K
}
Event: 18.204 GC heap before
{Heap before GC invocations=418 (full 3):
 PSYoungGen      total 12800K, used 12661K [0x00000000eab00000, 0x00000000eb900000, 0x0000000100000000)
  eden space 11264K, 100% used [0x00000000eab00000,0x00000000eb600000,0x00000000eb600000)
  from space 1536K, 91% used [0x00000000eb780000,0x00000000eb8dd7a0,0x00000000eb900000)
  to   space 1536K, 0% used [0x00000000eb600000,0x00000000eb600000,0x00000000eb780000)
 ParOldGen       total 268288K, used 267911K [0x00000000c0000000, 0x00000000d0600000, 0x00000000eab00000)
  object space 268288K, 99% used [0x00000000c0000000,0x00000000d05a1fc8,0x00000000d0600000)
 Metaspace       used 60102K, committed 61568K, reserved 1114112K
  class space    used 6257K, committed 6912K, reserved 1048576K
}
Event: 18.212 GC heap after
{Heap after GC invocations=418 (full 3):
 PSYoungGen      total 12800K, used 1401K [0x00000000eab00000, 0x00000000eb900000, 0x0000000100000000)
  eden space 11264K, 0% used [0x00000000eab00000,0x00000000eab00000,0x00000000eb600000)
  from space 1536K, 91% used [0x00000000eb600000,0x00000000eb75e418,0x00000000eb780000)
  to   space 1536K, 0% used [0x00000000eb780000,0x00000000eb780000,0x00000000eb900000)
 ParOldGen       total 269312K, used 268933K [0x00000000c0000000, 0x00000000d0700000, 0x00000000eab00000)
  object space 269312K, 99% used [0x00000000c0000000,0x00000000d06a1460,0x00000000d0700000)
 Metaspace       used 60102K, committed 61568K, reserved 1114112K
  class space    used 6257K, committed 6912K, reserved 1048576K
}
Event: 18.229 GC heap before
{Heap before GC invocations=419 (full 3):
 PSYoungGen      total 12800K, used 12665K [0x00000000eab00000, 0x00000000eb900000, 0x0000000100000000)
  eden space 11264K, 100% used [0x00000000eab00000,0x00000000eb600000,0x00000000eb600000)
  from space 1536K, 91% used [0x00000000eb600000,0x00000000eb75e418,0x00000000eb780000)
  to   space 1536K, 0% used [0x00000000eb780000,0x00000000eb780000,0x00000000eb900000)
 ParOldGen       total 269312K, used 268933K [0x00000000c0000000, 0x00000000d0700000, 0x00000000eab00000)
  object space 269312K, 99% used [0x00000000c0000000,0x00000000d06a1460,0x00000000d0700000)
 Metaspace       used 60102K, committed 61568K, reserved 1114112K
  class space    used 6257K, committed 6912K, reserved 1048576K
}
Event: 18.232 GC heap after
{Heap after GC invocations=419 (full 3):
 PSYoungGen      total 12800K, used 1113K [0x00000000eab00000, 0x00000000eb900000, 0x0000000100000000)
  eden space 11264K, 0% used [0x00000000eab00000,0x00000000eab00000,0x00000000eb600000)
  from space 1536K, 72% used [0x00000000eb780000,0x00000000eb8966a0,0x00000000eb900000)
  to   space 1536K, 0% used [0x00000000eb600000,0x00000000eb600000,0x00000000eb780000)
 ParOldGen       total 270336K, used 269956K [0x00000000c0000000, 0x00000000d0800000, 0x00000000eab00000)
  object space 270336K, 99% used [0x00000000c0000000,0x00000000d07a13a8,0x00000000d0800000)
 Metaspace       used 60102K, committed 61568K, reserved 1114112K
  class space    used 6257K, committed 6912K, reserved 1048576K
}
Event: 18.251 GC heap before
{Heap before GC invocations=420 (full 3):
 PSYoungGen      total 12800K, used 12168K [0x00000000eab00000, 0x00000000eb900000, 0x0000000100000000)
  eden space 11264K, 98% used [0x00000000eab00000,0x00000000eb5cbab8,0x00000000eb600000)
  from space 1536K, 72% used [0x00000000eb780000,0x00000000eb8966a0,0x00000000eb900000)
  to   space 1536K, 0% used [0x00000000eb600000,0x00000000eb600000,0x00000000eb780000)
 ParOldGen       total 270336K, used 269956K [0x00000000c0000000, 0x00000000d0800000, 0x00000000eab00000)
  object space 270336K, 99% used [0x00000000c0000000,0x00000000d07a13a8,0x00000000d0800000)
 Metaspace       used 60102K, committed 61568K, reserved 1114112K
  class space    used 6257K, committed 6912K, reserved 1048576K
}
Event: 18.258 GC heap after
{Heap after GC invocations=420 (full 3):
 PSYoungGen      total 12800K, used 1214K [0x00000000eab00000, 0x00000000eb900000, 0x0000000100000000)
  eden space 11264K, 0% used [0x00000000eab00000,0x00000000eab00000,0x00000000eb600000)
  from space 1536K, 79% used [0x00000000eb600000,0x00000000eb72f848,0x00000000eb780000)
  to   space 1536K, 0% used [0x00000000eb780000,0x00000000eb780000,0x00000000eb900000)
 ParOldGen       total 270848K, used 270797K [0x00000000c0000000, 0x00000000d0880000, 0x00000000eab00000)
  object space 270848K, 99% used [0x00000000c0000000,0x00000000d0873470,0x00000000d0880000)
 Metaspace       used 60102K, committed 61568K, reserved 1114112K
  class space    used 6257K, committed 6912K, reserved 1048576K
}
Event: 18.275 GC heap before
{Heap before GC invocations=421 (full 3):
 PSYoungGen      total 12800K, used 12478K [0x00000000eab00000, 0x00000000eb900000, 0x0000000100000000)
  eden space 11264K, 100% used [0x00000000eab00000,0x00000000eb600000,0x00000000eb600000)
  from space 1536K, 79% used [0x00000000eb600000,0x00000000eb72f848,0x00000000eb780000)
  to   space 1536K, 0% used [0x00000000eb780000,0x00000000eb780000,0x00000000eb900000)
 ParOldGen       total 270848K, used 270797K [0x00000000c0000000, 0x00000000d0880000, 0x00000000eab00000)
  object space 270848K, 99% used [0x00000000c0000000,0x00000000d0873470,0x00000000d0880000)
 Metaspace       used 60104K, committed 61568K, reserved 1114112K
  class space    used 6257K, committed 6912K, reserved 1048576K
}
Event: 18.278 GC heap after
{Heap after GC invocations=421 (full 3):
 PSYoungGen      total 12800K, used 1524K [0x00000000eab00000, 0x00000000eb900000, 0x0000000100000000)
  eden space 11264K, 0% used [0x00000000eab00000,0x00000000eab00000,0x00000000eb600000)
  from space 1536K, 99% used [0x00000000eb780000,0x00000000eb8fd058,0x00000000eb900000)
  to   space 1536K, 0% used [0x00000000eb600000,0x00000000eb600000,0x00000000eb780000)
 ParOldGen       total 272384K, used 272090K [0x00000000c0000000, 0x00000000d0a00000, 0x00000000eab00000)
  object space 272384K, 99% used [0x00000000c0000000,0x00000000d09b6938,0x00000000d0a00000)
 Metaspace       used 60104K, committed 61568K, reserved 1114112K
  class space    used 6257K, committed 6912K, reserved 1048576K
}
Event: 18.293 GC heap before
{Heap before GC invocations=422 (full 3):
 PSYoungGen      total 12800K, used 12788K [0x00000000eab00000, 0x00000000eb900000, 0x0000000100000000)
  eden space 11264K, 100% used [0x00000000eab00000,0x00000000eb600000,0x00000000eb600000)
  from space 1536K, 99% used [0x00000000eb780000,0x00000000eb8fd058,0x00000000eb900000)
  to   space 1536K, 0% used [0x00000000eb600000,0x00000000eb600000,0x00000000eb780000)
 ParOldGen       total 272384K, used 272090K [0x00000000c0000000, 0x00000000d0a00000, 0x00000000eab00000)
  object space 272384K, 99% used [0x00000000c0000000,0x00000000d09b6938,0x00000000d0a00000)
 Metaspace       used 60104K, committed 61568K, reserved 1114112K
  class space    used 6257K, committed 6912K, reserved 1048576K
}
Event: 18.296 GC heap after
{Heap after GC invocations=422 (full 3):
 PSYoungGen      total 12800K, used 12788K [0x00000000eab00000, 0x00000000eb900000, 0x0000000100000000)
  eden space 11264K, 100% used [0x00000000eab00000,0x00000000eb600000,0x00000000eb600000)
  from space 1536K, 99% used [0x00000000eb780000,0x00000000eb8fd058,0x00000000eb900000)
  to   space 1536K, 67% used [0x00000000eb600000,0x00000000eb704e48,0x00000000eb780000)
 ParOldGen       total 272896K, used 272779K [0x00000000c0000000, 0x00000000d0a80000, 0x00000000eab00000)
  object space 272896K, 99% used [0x00000000c0000000,0x00000000d0a62c38,0x00000000d0a80000)
 Metaspace       used 60104K, committed 61568K, reserved 1114112K
  class space    used 6257K, committed 6912K, reserved 1048576K
}
Event: 18.296 GC heap before
{Heap before GC invocations=423 (full 4):
 PSYoungGen      total 12800K, used 12788K [0x00000000eab00000, 0x00000000eb900000, 0x0000000100000000)
  eden space 11264K, 100% used [0x00000000eab00000,0x00000000eb600000,0x00000000eb600000)
  from space 1536K, 99% used [0x00000000eb780000,0x00000000eb8fd058,0x00000000eb900000)
  to   space 1536K, 67% used [0x00000000eb600000,0x00000000eb704e48,0x00000000eb780000)
 ParOldGen       total 272896K, used 272779K [0x00000000c0000000, 0x00000000d0a80000, 0x00000000eab00000)
  object space 272896K, 99% used [0x00000000c0000000,0x00000000d0a62c38,0x00000000d0a80000)
 Metaspace       used 60104K, committed 61568K, reserved 1114112K
  class space    used 6257K, committed 6912K, reserved 1048576K
}
Event: 18.504 GC heap after
{Heap after GC invocations=423 (full 4):
 PSYoungGen      total 12800K, used 0K [0x00000000eab00000, 0x00000000eb900000, 0x0000000100000000)
  eden space 11264K, 0% used [0x00000000eab00000,0x00000000eab00000,0x00000000eb600000)
  from space 1536K, 0% used [0x00000000eb600000,0x00000000eb600000,0x00000000eb780000)
  to   space 1536K, 0% used [0x00000000eb780000,0x00000000eb780000,0x00000000eb900000)
 ParOldGen       total 272896K, used 246684K [0x00000000c0000000, 0x00000000d0a80000, 0x00000000eab00000)
  object space 272896K, 90% used [0x00000000c0000000,0x00000000cf0e7058,0x00000000d0a80000)
 Metaspace       used 60104K, committed 61568K, reserved 1114112K
  class space    used 6257K, committed 6912K, reserved 1048576K
}
Event: 18.516 GC heap before
{Heap before GC invocations=424 (full 4):
 PSYoungGen      total 12800K, used 11264K [0x00000000eab00000, 0x00000000eb900000, 0x0000000100000000)
  eden space 11264K, 100% used [0x00000000eab00000,0x00000000eb600000,0x00000000eb600000)
  from space 1536K, 0% used [0x00000000eb600000,0x00000000eb600000,0x00000000eb780000)
  to   space 1536K, 0% used [0x00000000eb780000,0x00000000eb780000,0x00000000eb900000)
 ParOldGen       total 272896K, used 246684K [0x00000000c0000000, 0x00000000d0a80000, 0x00000000eab00000)
  object space 272896K, 90% used [0x00000000c0000000,0x00000000cf0e7058,0x00000000d0a80000)
 Metaspace       used 60104K, committed 61568K, reserved 1114112K
  class space    used 6257K, committed 6912K, reserved 1048576K
}
Event: 18.517 GC heap after
{Heap after GC invocations=424 (full 4):
 PSYoungGen      total 12800K, used 926K [0x00000000eab00000, 0x00000000eb900000, 0x0000000100000000)
  eden space 11264K, 0% used [0x00000000eab00000,0x00000000eab00000,0x00000000eb600000)
  from space 1536K, 60% used [0x00000000eb780000,0x00000000eb867b18,0x00000000eb900000)
  to   space 1536K, 0% used [0x00000000eb600000,0x00000000eb600000,0x00000000eb780000)
 ParOldGen       total 272896K, used 246684K [0x00000000c0000000, 0x00000000d0a80000, 0x00000000eab00000)
  object space 272896K, 90% used [0x00000000c0000000,0x00000000cf0e7058,0x00000000d0a80000)
 Metaspace       used 60104K, committed 61568K, reserved 1114112K
  class space    used 6257K, committed 6912K, reserved 1048576K
}
Event: 18.531 GC heap before
{Heap before GC invocations=425 (full 4):
 PSYoungGen      total 12800K, used 12190K [0x00000000eab00000, 0x00000000eb900000, 0x0000000100000000)
  eden space 11264K, 100% used [0x00000000eab00000,0x00000000eb600000,0x00000000eb600000)
  from space 1536K, 60% used [0x00000000eb780000,0x00000000eb867b18,0x00000000eb900000)
  to   space 1536K, 0% used [0x00000000eb600000,0x00000000eb600000,0x00000000eb780000)
 ParOldGen       total 272896K, used 246684K [0x00000000c0000000, 0x00000000d0a80000, 0x00000000eab00000)
  object space 272896K, 90% used [0x00000000c0000000,0x00000000cf0e7058,0x00000000d0a80000)
 Metaspace       used 60104K, committed 61568K, reserved 1114112K
  class space    used 6257K, committed 6912K, reserved 1048576K
}
Event: 18.533 GC heap after
{Heap after GC invocations=425 (full 4):
 PSYoungGen      total 12800K, used 1431K [0x00000000eab00000, 0x00000000eb900000, 0x0000000100000000)
  eden space 11264K, 0% used [0x00000000eab00000,0x00000000eab00000,0x00000000eb600000)
  from space 1536K, 93% used [0x00000000eb600000,0x00000000eb765d90,0x00000000eb780000)
  to   space 1536K, 0% used [0x00000000eb780000,0x00000000eb780000,0x00000000eb900000)
 ParOldGen       total 272896K, used 247518K [0x00000000c0000000, 0x00000000d0a80000, 0x00000000eab00000)
  object space 272896K, 90% used [0x00000000c0000000,0x00000000cf1b7a40,0x00000000d0a80000)
 Metaspace       used 60104K, committed 61568K, reserved 1114112K
  class space    used 6257K, committed 6912K, reserved 1048576K
}
Event: 18.547 GC heap before
{Heap before GC invocations=426 (full 4):
 PSYoungGen      total 12800K, used 12695K [0x00000000eab00000, 0x00000000eb900000, 0x0000000100000000)
  eden space 11264K, 100% used [0x00000000eab00000,0x00000000eb600000,0x00000000eb600000)
  from space 1536K, 93% used [0x00000000eb600000,0x00000000eb765d90,0x00000000eb780000)
  to   space 1536K, 0% used [0x00000000eb780000,0x00000000eb780000,0x00000000eb900000)
 ParOldGen       total 272896K, used 247518K [0x00000000c0000000, 0x00000000d0a80000, 0x00000000eab00000)
  object space 272896K, 90% used [0x00000000c0000000,0x00000000cf1b7a40,0x00000000d0a80000)
 Metaspace       used 60104K, committed 61568K, reserved 1114112K
  class space    used 6257K, committed 6912K, reserved 1048576K
}
Event: 18.549 GC heap after
{Heap after GC invocations=426 (full 4):
 PSYoungGen      total 12800K, used 1285K [0x00000000eab00000, 0x00000000eb900000, 0x0000000100000000)
  eden space 11264K, 0% used [0x00000000eab00000,0x00000000eab00000,0x00000000eb600000)
  from space 1536K, 83% used [0x00000000eb780000,0x00000000eb8c1768,0x00000000eb900000)
  to   space 1536K, 0% used [0x00000000eb600000,0x00000000eb600000,0x00000000eb780000)
 ParOldGen       total 272896K, used 248855K [0x00000000c0000000, 0x00000000d0a80000, 0x00000000eab00000)
  object space 272896K, 91% used [0x00000000c0000000,0x00000000cf305f60,0x00000000d0a80000)
 Metaspace       used 60104K, committed 61568K, reserved 1114112K
  class space    used 6257K, committed 6912K, reserved 1048576K
}

