# JRE version: OpenJDK Runtime Environment Temurin-21.0.6+7 (21.0.6+7) (build 21.0.6+7-LTS)
# Java VM: OpenJDK 64-Bit Server VM Temurin-21.0.6+7 (21.0.6+7-LTS, mixed mode, sharing, tiered, compressed oops, compressed class ptrs, parallel gc, windows-amd64)
GC Precious Log:
 CardTable entry size: 512
 CPUs: 8 total, 8 available
 Memory: 8051M
 Large Page Support: Disabled
 NUMA Support: Disabled
 Compressed Oops: Enabled (32-bit)
 Alignments: Space 512K, Generation 512K, Heap 2M
 Heap Min Capacity: 100M
 Heap Initial Capacity: 100M
 Heap Max Capacity: 1G
 Pre-touch: Disabled
 Parallel Workers: 8
Heap:
 PSYoungGen      total 5632K, used 5156K [0x00000000eab00000, 0x00000000eb200000, 0x0000000100000000)
  eden space 4096K, 100% used [0x00000000eab00000,0x00000000eaf00000,0x00000000eaf00000)
  from space 1536K, 69% used [0x00000000eaf00000,0x00000000eb009190,0x00000000eb080000)
  to   space 1536K, 68% used [0x00000000eb080000,0x00000000eb187690,0x00000000eb200000)
 ParOldGen       total 198656K, used 198248K [0x00000000c0000000, 0x00000000cc200000, 0x00000000eab00000)
  object space 198656K, 99% used [0x00000000c0000000,0x00000000cc19a3d8,0x00000000cc200000)
 Metaspace       used 71053K, committed 72704K, reserved 1114112K
  class space    used 7442K, committed 8192K, reserved 1048576K
GC Heap History (20 events):
Event: 140.708 GC heap after
{Heap after GC invocations=306 (full 3):
 PSYoungGen      total 6144K, used 1085K [0x00000000eab00000, 0x00000000eb280000, 0x0000000100000000)
  eden space 4608K, 0% used [0x00000000eab00000,0x00000000eab00000,0x00000000eaf80000)
  from space 1536K, 70% used [0x00000000eaf80000,0x00000000eb08f508,0x00000000eb100000)
  to   space 1536K, 0% used [0x00000000eb100000,0x00000000eb100000,0x00000000eb280000)
 ParOldGen       total 188416K, used 187968K [0x00000000c0000000, 0x00000000cb800000, 0x00000000eab00000)
  object space 188416K, 99% used [0x00000000c0000000,0x00000000cb7902f8,0x00000000cb800000)
 Metaspace       used 71053K, committed 72704K, reserved 1114112K
  class space    used 7442K, committed 8192K, reserved 1048576K
}
Event: 140.759 GC heap before
{Heap before GC invocations=307 (full 3):
 PSYoungGen      total 6144K, used 5693K [0x00000000eab00000, 0x00000000eb280000, 0x0000000100000000)
  eden space 4608K, 100% used [0x00000000eab00000,0x00000000eaf80000,0x00000000eaf80000)
  from space 1536K, 70% used [0x00000000eaf80000,0x00000000eb08f508,0x00000000eb100000)
  to   space 1536K, 0% used [0x00000000eb100000,0x00000000eb100000,0x00000000eb280000)
 ParOldGen       total 188416K, used 187968K [0x00000000c0000000, 0x00000000cb800000, 0x00000000eab00000)
  object space 188416K, 99% used [0x00000000c0000000,0x00000000cb7902f8,0x00000000cb800000)
 Metaspace       used 71053K, committed 72704K, reserved 1114112K
  class space    used 7442K, committed 8192K, reserved 1048576K
}
Event: 140.764 GC heap after
{Heap after GC invocations=307 (full 3):
 PSYoungGen      total 5632K, used 768K [0x00000000eab00000, 0x00000000eb200000, 0x0000000100000000)
  eden space 4608K, 0% used [0x00000000eab00000,0x00000000eab00000,0x00000000eaf80000)
  from space 1024K, 75% used [0x00000000eb100000,0x00000000eb1c0000,0x00000000eb200000)
  to   space 1024K, 0% used [0x00000000eb000000,0x00000000eb000000,0x00000000eb100000)
 ParOldGen       total 190976K, used 190719K [0x00000000c0000000, 0x00000000cba80000, 0x00000000eab00000)
  object space 190976K, 99% used [0x00000000c0000000,0x00000000cba3fc90,0x00000000cba80000)
 Metaspace       used 71053K, committed 72704K, reserved 1114112K
  class space    used 7442K, committed 8192K, reserved 1048576K
}
Event: 140.858 GC heap before
{Heap before GC invocations=308 (full 3):
 PSYoungGen      total 5632K, used 5376K [0x00000000eab00000, 0x00000000eb200000, 0x0000000100000000)
  eden space 4608K, 100% used [0x00000000eab00000,0x00000000eaf80000,0x00000000eaf80000)
  from space 1024K, 75% used [0x00000000eb100000,0x00000000eb1c0000,0x00000000eb200000)
  to   space 1024K, 0% used [0x00000000eb000000,0x00000000eb000000,0x00000000eb100000)
 ParOldGen       total 190976K, used 190719K [0x00000000c0000000, 0x00000000cba80000, 0x00000000eab00000)
  object space 190976K, 99% used [0x00000000c0000000,0x00000000cba3fc90,0x00000000cba80000)
 Metaspace       used 71053K, committed 72704K, reserved 1114112K
  class space    used 7442K, committed 8192K, reserved 1048576K
}
Event: 140.861 GC heap after
{Heap after GC invocations=308 (full 3):
 PSYoungGen      total 5632K, used 993K [0x00000000eab00000, 0x00000000eb380000, 0x0000000100000000)
  eden space 4608K, 0% used [0x00000000eab00000,0x00000000eab00000,0x00000000eaf80000)
  from space 1024K, 97% used [0x00000000eb000000,0x00000000eb0f8520,0x00000000eb100000)
  to   space 2048K, 0% used [0x00000000eb180000,0x00000000eb180000,0x00000000eb380000)
 ParOldGen       total 191488K, used 191429K [0x00000000c0000000, 0x00000000cbb00000, 0x00000000eab00000)
  object space 191488K, 99% used [0x00000000c0000000,0x00000000cbaf16e8,0x00000000cbb00000)
 Metaspace       used 71053K, committed 72704K, reserved 1114112K
  class space    used 7442K, committed 8192K, reserved 1048576K
}
Event: 140.948 GC heap before
{Heap before GC invocations=309 (full 3):
 PSYoungGen      total 5632K, used 5601K [0x00000000eab00000, 0x00000000eb380000, 0x0000000100000000)
  eden space 4608K, 100% used [0x00000000eab00000,0x00000000eaf80000,0x00000000eaf80000)
  from space 1024K, 97% used [0x00000000eb000000,0x00000000eb0f8520,0x00000000eb100000)
  to   space 2048K, 0% used [0x00000000eb180000,0x00000000eb180000,0x00000000eb380000)
 ParOldGen       total 191488K, used 191429K [0x00000000c0000000, 0x00000000cbb00000, 0x00000000eab00000)
  object space 191488K, 99% used [0x00000000c0000000,0x00000000cbaf16e8,0x00000000cbb00000)
 Metaspace       used 71053K, committed 72704K, reserved 1114112K
  class space    used 7442K, committed 8192K, reserved 1048576K
}
Event: 140.951 GC heap after
{Heap after GC invocations=309 (full 3):
 PSYoungGen      total 6144K, used 1191K [0x00000000eab00000, 0x00000000eb300000, 0x0000000100000000)
  eden space 4608K, 0% used [0x00000000eab00000,0x00000000eab00000,0x00000000eaf80000)
  from space 1536K, 77% used [0x00000000eb180000,0x00000000eb2a9d30,0x00000000eb300000)
  to   space 1536K, 0% used [0x00000000eb000000,0x00000000eb000000,0x00000000eb180000)
 ParOldGen       total 192512K, used 192403K [0x00000000c0000000, 0x00000000cbc00000, 0x00000000eab00000)
  object space 192512K, 99% used [0x00000000c0000000,0x00000000cbbe4c08,0x00000000cbc00000)
 Metaspace       used 71053K, committed 72704K, reserved 1114112K
  class space    used 7442K, committed 8192K, reserved 1048576K
}
Event: 141.015 GC heap before
{Heap before GC invocations=310 (full 3):
 PSYoungGen      total 6144K, used 5799K [0x00000000eab00000, 0x00000000eb300000, 0x0000000100000000)
  eden space 4608K, 100% used [0x00000000eab00000,0x00000000eaf80000,0x00000000eaf80000)
  from space 1536K, 77% used [0x00000000eb180000,0x00000000eb2a9d30,0x00000000eb300000)
  to   space 1536K, 0% used [0x00000000eb000000,0x00000000eb000000,0x00000000eb180000)
 ParOldGen       total 192512K, used 192403K [0x00000000c0000000, 0x00000000cbc00000, 0x00000000eab00000)
  object space 192512K, 99% used [0x00000000c0000000,0x00000000cbbe4c08,0x00000000cbc00000)
 Metaspace       used 71053K, committed 72704K, reserved 1114112K
  class space    used 7442K, committed 8192K, reserved 1048576K
}
Event: 141.018 GC heap after
{Heap after GC invocations=310 (full 3):
 PSYoungGen      total 6144K, used 1123K [0x00000000eab00000, 0x00000000eb280000, 0x0000000100000000)
  eden space 4608K, 0% used [0x00000000eab00000,0x00000000eab00000,0x00000000eaf80000)
  from space 1536K, 73% used [0x00000000eb000000,0x00000000eb118dd0,0x00000000eb180000)
  to   space 1024K, 0% used [0x00000000eb180000,0x00000000eb180000,0x00000000eb280000)
 ParOldGen       total 193536K, used 193500K [0x00000000c0000000, 0x00000000cbd00000, 0x00000000eab00000)
  object space 193536K, 99% used [0x00000000c0000000,0x00000000cbcf72c0,0x00000000cbd00000)
 Metaspace       used 71053K, committed 72704K, reserved 1114112K
  class space    used 7442K, committed 8192K, reserved 1048576K
}
Event: 141.064 GC heap before
{Heap before GC invocations=311 (full 3):
 PSYoungGen      total 6144K, used 5731K [0x00000000eab00000, 0x00000000eb280000, 0x0000000100000000)
  eden space 4608K, 100% used [0x00000000eab00000,0x00000000eaf80000,0x00000000eaf80000)
  from space 1536K, 73% used [0x00000000eb000000,0x00000000eb118dd0,0x00000000eb180000)
  to   space 1024K, 0% used [0x00000000eb180000,0x00000000eb180000,0x00000000eb280000)
 ParOldGen       total 193536K, used 193500K [0x00000000c0000000, 0x00000000cbd00000, 0x00000000eab00000)
  object space 193536K, 99% used [0x00000000c0000000,0x00000000cbcf72c0,0x00000000cbd00000)
 Metaspace       used 71053K, committed 72704K, reserved 1114112K
  class space    used 7442K, committed 8192K, reserved 1048576K
}
Event: 141.066 GC heap after
{Heap after GC invocations=311 (full 3):
 PSYoungGen      total 5120K, used 993K [0x00000000eab00000, 0x00000000eb480000, 0x0000000100000000)
  eden space 4096K, 0% used [0x00000000eab00000,0x00000000eab00000,0x00000000eaf00000)
  from space 1024K, 96% used [0x00000000eb180000,0x00000000eb2784a8,0x00000000eb280000)
  to   space 2560K, 0% used [0x00000000eaf00000,0x00000000eaf00000,0x00000000eb180000)
 ParOldGen       total 195072K, used 194666K [0x00000000c0000000, 0x00000000cbe80000, 0x00000000eab00000)
  object space 195072K, 99% used [0x00000000c0000000,0x00000000cbe1a918,0x00000000cbe80000)
 Metaspace       used 71053K, committed 72704K, reserved 1114112K
  class space    used 7442K, committed 8192K, reserved 1048576K
}
Event: 141.099 GC heap before
{Heap before GC invocations=312 (full 3):
 PSYoungGen      total 5120K, used 5089K [0x00000000eab00000, 0x00000000eb480000, 0x0000000100000000)
  eden space 4096K, 100% used [0x00000000eab00000,0x00000000eaf00000,0x00000000eaf00000)
  from space 1024K, 96% used [0x00000000eb180000,0x00000000eb2784a8,0x00000000eb280000)
  to   space 2560K, 0% used [0x00000000eaf00000,0x00000000eaf00000,0x00000000eb180000)
 ParOldGen       total 195072K, used 194666K [0x00000000c0000000, 0x00000000cbe80000, 0x00000000eab00000)
  object space 195072K, 99% used [0x00000000c0000000,0x00000000cbe1a918,0x00000000cbe80000)
 Metaspace       used 71053K, committed 72704K, reserved 1114112K
  class space    used 7442K, committed 8192K, reserved 1048576K
}
Event: 141.102 GC heap after
{Heap after GC invocations=312 (full 3):
 PSYoungGen      total 5120K, used 1009K [0x00000000eab00000, 0x00000000eb200000, 0x0000000100000000)
  eden space 4096K, 0% used [0x00000000eab00000,0x00000000eab00000,0x00000000eaf00000)
  from space 1024K, 98% used [0x00000000eaf00000,0x00000000eaffc658,0x00000000eb000000)
  to   space 1536K, 0% used [0x00000000eb080000,0x00000000eb080000,0x00000000eb200000)
 ParOldGen       total 196096K, used 195597K [0x00000000c0000000, 0x00000000cbf80000, 0x00000000eab00000)
  object space 196096K, 99% used [0x00000000c0000000,0x00000000cbf03538,0x00000000cbf80000)
 Metaspace       used 71053K, committed 72704K, reserved 1114112K
  class space    used 7442K, committed 8192K, reserved 1048576K
}
Event: 141.149 GC heap before
{Heap before GC invocations=313 (full 3):
 PSYoungGen      total 5120K, used 5105K [0x00000000eab00000, 0x00000000eb200000, 0x0000000100000000)
  eden space 4096K, 100% used [0x00000000eab00000,0x00000000eaf00000,0x00000000eaf00000)
  from space 1024K, 98% used [0x00000000eaf00000,0x00000000eaffc658,0x00000000eb000000)
  to   space 1536K, 0% used [0x00000000eb080000,0x00000000eb080000,0x00000000eb200000)
 ParOldGen       total 196096K, used 195597K [0x00000000c0000000, 0x00000000cbf80000, 0x00000000eab00000)
  object space 196096K, 99% used [0x00000000c0000000,0x00000000cbf03538,0x00000000cbf80000)
 Metaspace       used 71053K, committed 72704K, reserved 1114112K
  class space    used 7442K, committed 8192K, reserved 1048576K
}
Event: 141.152 GC heap after
{Heap after GC invocations=313 (full 3):
 PSYoungGen      total 5632K, used 1088K [0x00000000eab00000, 0x00000000eb200000, 0x0000000100000000)
  eden space 4096K, 0% used [0x00000000eab00000,0x00000000eab00000,0x00000000eaf00000)
  from space 1536K, 70% used [0x00000000eb080000,0x00000000eb190000,0x00000000eb200000)
  to   space 1536K, 0% used [0x00000000eaf00000,0x00000000eaf00000,0x00000000eb080000)
 ParOldGen       total 196608K, used 196464K [0x00000000c0000000, 0x00000000cc000000, 0x00000000eab00000)
  object space 196608K, 99% used [0x00000000c0000000,0x00000000cbfdc210,0x00000000cc000000)
 Metaspace       used 71053K, committed 72704K, reserved 1114112K
  class space    used 7442K, committed 8192K, reserved 1048576K
}
Event: 141.193 GC heap before
{Heap before GC invocations=314 (full 3):
 PSYoungGen      total 5632K, used 5184K [0x00000000eab00000, 0x00000000eb200000, 0x0000000100000000)
  eden space 4096K, 100% used [0x00000000eab00000,0x00000000eaf00000,0x00000000eaf00000)
  from space 1536K, 70% used [0x00000000eb080000,0x00000000eb190000,0x00000000eb200000)
  to   space 1536K, 0% used [0x00000000eaf00000,0x00000000eaf00000,0x00000000eb080000)
 ParOldGen       total 196608K, used 196464K [0x00000000c0000000, 0x00000000cc000000, 0x00000000eab00000)
  object space 196608K, 99% used [0x00000000c0000000,0x00000000cbfdc210,0x00000000cc000000)
 Metaspace       used 71053K, committed 72704K, reserved 1114112K
  class space    used 7442K, committed 8192K, reserved 1048576K
}
Event: 141.196 GC heap after
{Heap after GC invocations=314 (full 3):
 PSYoungGen      total 5632K, used 1060K [0x00000000eab00000, 0x00000000eb200000, 0x0000000100000000)
  eden space 4096K, 0% used [0x00000000eab00000,0x00000000eab00000,0x00000000eaf00000)
  from space 1536K, 69% used [0x00000000eaf00000,0x00000000eb009190,0x00000000eb080000)
  to   space 1536K, 0% used [0x00000000eb080000,0x00000000eb080000,0x00000000eb200000)
 ParOldGen       total 197632K, used 197407K [0x00000000c0000000, 0x00000000cc100000, 0x00000000eab00000)
  object space 197632K, 99% used [0x00000000c0000000,0x00000000cc0c7f48,0x00000000cc100000)
 Metaspace       used 71053K, committed 72704K, reserved 1114112K
  class space    used 7442K, committed 8192K, reserved 1048576K
}
Event: 141.245 GC heap before
{Heap before GC invocations=315 (full 3):
 PSYoungGen      total 5632K, used 5156K [0x00000000eab00000, 0x00000000eb200000, 0x0000000100000000)
  eden space 4096K, 100% used [0x00000000eab00000,0x00000000eaf00000,0x00000000eaf00000)
  from space 1536K, 69% used [0x00000000eaf00000,0x00000000eb009190,0x00000000eb080000)
  to   space 1536K, 0% used [0x00000000eb080000,0x00000000eb080000,0x00000000eb200000)
 ParOldGen       total 197632K, used 197407K [0x00000000c0000000, 0x00000000cc100000, 0x00000000eab00000)
  object space 197632K, 99% used [0x00000000c0000000,0x00000000cc0c7f48,0x00000000cc100000)
 Metaspace       used 71053K, committed 72704K, reserved 1114112K
  class space    used 7442K, committed 8192K, reserved 1048576K
}
Event: 141.248 GC heap after
{Heap after GC invocations=315 (full 3):
 PSYoungGen      total 5632K, used 5156K [0x00000000eab00000, 0x00000000eb200000, 0x0000000100000000)
  eden space 4096K, 100% used [0x00000000eab00000,0x00000000eaf00000,0x00000000eaf00000)
  from space 1536K, 69% used [0x00000000eaf00000,0x00000000eb009190,0x00000000eb080000)
  to   space 1536K, 68% used [0x00000000eb080000,0x00000000eb187690,0x00000000eb200000)
 ParOldGen       total 198656K, used 198248K [0x00000000c0000000, 0x00000000cc200000, 0x00000000eab00000)
  object space 198656K, 99% used [0x00000000c0000000,0x00000000cc19a3d8,0x00000000cc200000)
 Metaspace       used 71053K, committed 72704K, reserved 1114112K
  class space    used 7442K, committed 8192K, reserved 1048576K
}
Event: 141.248 GC heap before
{Heap before GC invocations=316 (full 4):
 PSYoungGen      total 5632K, used 5156K [0x00000000eab00000, 0x00000000eb200000, 0x0000000100000000)
  eden space 4096K, 100% used [0x00000000eab00000,0x00000000eaf00000,0x00000000eaf00000)
  from space 1536K, 69% used [0x00000000eaf00000,0x00000000eb009190,0x00000000eb080000)
  to   space 1536K, 68% used [0x00000000eb080000,0x00000000eb187690,0x00000000eb200000)
 ParOldGen       total 198656K, used 198248K [0x00000000c0000000, 0x00000000cc200000, 0x00000000eab00000)
  object space 198656K, 99% used [0x00000000c0000000,0x00000000cc19a3d8,0x00000000cc200000)
 Metaspace       used 71053K, committed 72704K, reserved 1114112K
  class space    used 7442K, committed 8192K, reserved 1048576K
}

