# JRE version: OpenJDK Runtime Environment Temurin-21.0.6+7 (21.0.6+7) (build 21.0.6+7-LTS)
# Java VM: OpenJDK 64-Bit Server VM Temurin-21.0.6+7 (21.0.6+7-LTS, mixed mode, sharing, tiered, compressed oops, compressed class ptrs, parallel gc, windows-amd64)
GC Precious Log:
 CardTable entry size: 512
 CPUs: 8 total, 8 available
 Memory: 8051M
 Large Page Support: Disabled
 NUMA Support: Disabled
 Compressed Oops: Enabled (32-bit)
 Alignments: Space 512K, Generation 512K, Heap 2M
 Heap Min Capacity: 100M
 Heap Initial Capacity: 100M
 Heap Max Capacity: 1G
 Pre-touch: Disabled
 Parallel Workers: 8
Heap:
 PSYoungGen      total 3584K, used 2412K [0x00000000eab00000, 0x00000000eaf00000, 0x0000000100000000)
  eden space 3072K, 62% used [0x00000000eab00000,0x00000000eace30e0,0x00000000eae00000)
  from space 512K, 93% used [0x00000000eae00000,0x00000000eae78000,0x00000000eae80000)
  to   space 512K, 0% used [0x00000000eae80000,0x00000000eae80000,0x00000000eaf00000)
 ParOldGen       total 423936K, used 423784K [0x00000000c0000000, 0x00000000d9e00000, 0x00000000eab00000)
  object space 423936K, 99% used [0x00000000c0000000,0x00000000d9dda390,0x00000000d9e00000)
 Metaspace       used 59609K, committed 61120K, reserved 1114112K
  class space    used 6208K, committed 6848K, reserved 1048576K
GC Heap History (20 events):
Event: 33.658 GC heap before
{Heap before GC invocations=660 (full 4):
 PSYoungGen      total 3072K, used 2459K [0x00000000eab00000, 0x00000000eaf00000, 0x0000000100000000)
  eden space 2048K, 100% used [0x00000000eab00000,0x00000000ead00000,0x00000000ead00000)
  from space 1024K, 40% used [0x00000000ead00000,0x00000000ead66c08,0x00000000eae00000)
  to   space 512K, 0% used [0x00000000eae80000,0x00000000eae80000,0x00000000eaf00000)
 ParOldGen       total 420864K, used 420644K [0x00000000c0000000, 0x00000000d9b00000, 0x00000000eab00000)
  object space 420864K, 99% used [0x00000000c0000000,0x00000000d9ac93d0,0x00000000d9b00000)
 Metaspace       used 59609K, committed 61120K, reserved 1114112K
  class space    used 6208K, committed 6848K, reserved 1048576K
}
Event: 33.660 GC heap after
{Heap after GC invocations=660 (full 4):
 PSYoungGen      total 3072K, used 320K [0x00000000eab00000, 0x00000000eaf00000, 0x0000000100000000)
  eden space 2560K, 0% used [0x00000000eab00000,0x00000000eab00000,0x00000000ead80000)
  from space 512K, 62% used [0x00000000eae80000,0x00000000eaed0000,0x00000000eaf00000)
  to   space 512K, 0% used [0x00000000eae00000,0x00000000eae00000,0x00000000eae80000)
 ParOldGen       total 421376K, used 420943K [0x00000000c0000000, 0x00000000d9b80000, 0x00000000eab00000)
  object space 421376K, 99% used [0x00000000c0000000,0x00000000d9b13fd8,0x00000000d9b80000)
 Metaspace       used 59609K, committed 61120K, reserved 1114112K
  class space    used 6208K, committed 6848K, reserved 1048576K
}
Event: 33.672 GC heap before
{Heap before GC invocations=661 (full 4):
 PSYoungGen      total 3072K, used 2880K [0x00000000eab00000, 0x00000000eaf00000, 0x0000000100000000)
  eden space 2560K, 100% used [0x00000000eab00000,0x00000000ead80000,0x00000000ead80000)
  from space 512K, 62% used [0x00000000eae80000,0x00000000eaed0000,0x00000000eaf00000)
  to   space 512K, 0% used [0x00000000eae00000,0x00000000eae00000,0x00000000eae80000)
 ParOldGen       total 421376K, used 420943K [0x00000000c0000000, 0x00000000d9b80000, 0x00000000eab00000)
  object space 421376K, 99% used [0x00000000c0000000,0x00000000d9b13fd8,0x00000000d9b80000)
 Metaspace       used 59609K, committed 61120K, reserved 1114112K
  class space    used 6208K, committed 6848K, reserved 1048576K
}
Event: 33.674 GC heap after
{Heap after GC invocations=661 (full 4):
 PSYoungGen      total 3584K, used 384K [0x00000000eab00000, 0x00000000eaf00000, 0x0000000100000000)
  eden space 3072K, 0% used [0x00000000eab00000,0x00000000eab00000,0x00000000eae00000)
  from space 512K, 75% used [0x00000000eae00000,0x00000000eae60000,0x00000000eae80000)
  to   space 512K, 0% used [0x00000000eae80000,0x00000000eae80000,0x00000000eaf00000)
 ParOldGen       total 421376K, used 421167K [0x00000000c0000000, 0x00000000d9b80000, 0x00000000eab00000)
  object space 421376K, 99% used [0x00000000c0000000,0x00000000d9b4bfd8,0x00000000d9b80000)
 Metaspace       used 59609K, committed 61120K, reserved 1114112K
  class space    used 6208K, committed 6848K, reserved 1048576K
}
Event: 33.687 GC heap before
{Heap before GC invocations=662 (full 4):
 PSYoungGen      total 3584K, used 3456K [0x00000000eab00000, 0x00000000eaf00000, 0x0000000100000000)
  eden space 3072K, 100% used [0x00000000eab00000,0x00000000eae00000,0x00000000eae00000)
  from space 512K, 75% used [0x00000000eae00000,0x00000000eae60000,0x00000000eae80000)
  to   space 512K, 0% used [0x00000000eae80000,0x00000000eae80000,0x00000000eaf00000)
 ParOldGen       total 421376K, used 421167K [0x00000000c0000000, 0x00000000d9b80000, 0x00000000eab00000)
  object space 421376K, 99% used [0x00000000c0000000,0x00000000d9b4bfd8,0x00000000d9b80000)
 Metaspace       used 59609K, committed 61120K, reserved 1114112K
  class space    used 6208K, committed 6848K, reserved 1048576K
}
Event: 33.689 GC heap after
{Heap after GC invocations=662 (full 4):
 PSYoungGen      total 3072K, used 502K [0x00000000eab00000, 0x00000000eb100000, 0x0000000100000000)
  eden space 2560K, 0% used [0x00000000eab00000,0x00000000eab00000,0x00000000ead80000)
  from space 512K, 98% used [0x00000000eae80000,0x00000000eaefd808,0x00000000eaf00000)
  to   space 1024K, 0% used [0x00000000ead80000,0x00000000ead80000,0x00000000eae80000)
 ParOldGen       total 421888K, used 421463K [0x00000000c0000000, 0x00000000d9c00000, 0x00000000eab00000)
  object space 421888K, 99% used [0x00000000c0000000,0x00000000d9b95fd8,0x00000000d9c00000)
 Metaspace       used 59609K, committed 61120K, reserved 1114112K
  class space    used 6208K, committed 6848K, reserved 1048576K
}
Event: 33.701 GC heap before
{Heap before GC invocations=663 (full 4):
 PSYoungGen      total 3072K, used 3062K [0x00000000eab00000, 0x00000000eb100000, 0x0000000100000000)
  eden space 2560K, 100% used [0x00000000eab00000,0x00000000ead80000,0x00000000ead80000)
  from space 512K, 98% used [0x00000000eae80000,0x00000000eaefd808,0x00000000eaf00000)
  to   space 1024K, 0% used [0x00000000ead80000,0x00000000ead80000,0x00000000eae80000)
 ParOldGen       total 421888K, used 421463K [0x00000000c0000000, 0x00000000d9c00000, 0x00000000eab00000)
  object space 421888K, 99% used [0x00000000c0000000,0x00000000d9b95fd8,0x00000000d9c00000)
 Metaspace       used 59609K, committed 61120K, reserved 1114112K
  class space    used 6208K, committed 6848K, reserved 1048576K
}
Event: 33.703 GC heap after
{Heap after GC invocations=663 (full 4):
 PSYoungGen      total 3584K, used 320K [0x00000000eab00000, 0x00000000eaf00000, 0x0000000100000000)
  eden space 2560K, 0% used [0x00000000eab00000,0x00000000eab00000,0x00000000ead80000)
  from space 1024K, 31% used [0x00000000ead80000,0x00000000eadd0000,0x00000000eae80000)
  to   space 512K, 0% used [0x00000000eae80000,0x00000000eae80000,0x00000000eaf00000)
 ParOldGen       total 422400K, used 421893K [0x00000000c0000000, 0x00000000d9c80000, 0x00000000eab00000)
  object space 422400K, 99% used [0x00000000c0000000,0x00000000d9c017e0,0x00000000d9c80000)
 Metaspace       used 59609K, committed 61120K, reserved 1114112K
  class space    used 6208K, committed 6848K, reserved 1048576K
}
Event: 33.713 GC heap before
{Heap before GC invocations=664 (full 4):
 PSYoungGen      total 3584K, used 2870K [0x00000000eab00000, 0x00000000eaf00000, 0x0000000100000000)
  eden space 2560K, 99% used [0x00000000eab00000,0x00000000ead7d968,0x00000000ead80000)
  from space 1024K, 31% used [0x00000000ead80000,0x00000000eadd0000,0x00000000eae80000)
  to   space 512K, 0% used [0x00000000eae80000,0x00000000eae80000,0x00000000eaf00000)
 ParOldGen       total 422400K, used 421893K [0x00000000c0000000, 0x00000000d9c80000, 0x00000000eab00000)
  object space 422400K, 99% used [0x00000000c0000000,0x00000000d9c017e0,0x00000000d9c80000)
 Metaspace       used 59609K, committed 61120K, reserved 1114112K
  class space    used 6208K, committed 6848K, reserved 1048576K
}
Event: 33.715 GC heap after
{Heap after GC invocations=664 (full 4):
 PSYoungGen      total 3584K, used 384K [0x00000000eab00000, 0x00000000eaf00000, 0x0000000100000000)
  eden space 3072K, 0% used [0x00000000eab00000,0x00000000eab00000,0x00000000eae00000)
  from space 512K, 75% used [0x00000000eae80000,0x00000000eaee0000,0x00000000eaf00000)
  to   space 512K, 0% used [0x00000000eae00000,0x00000000eae00000,0x00000000eae80000)
 ParOldGen       total 422400K, used 422181K [0x00000000c0000000, 0x00000000d9c80000, 0x00000000eab00000)
  object space 422400K, 99% used [0x00000000c0000000,0x00000000d9c497e0,0x00000000d9c80000)
 Metaspace       used 59609K, committed 61120K, reserved 1114112K
  class space    used 6208K, committed 6848K, reserved 1048576K
}
Event: 33.727 GC heap before
{Heap before GC invocations=665 (full 4):
 PSYoungGen      total 3584K, used 3456K [0x00000000eab00000, 0x00000000eaf00000, 0x0000000100000000)
  eden space 3072K, 100% used [0x00000000eab00000,0x00000000eae00000,0x00000000eae00000)
  from space 512K, 75% used [0x00000000eae80000,0x00000000eaee0000,0x00000000eaf00000)
  to   space 512K, 0% used [0x00000000eae00000,0x00000000eae00000,0x00000000eae80000)
 ParOldGen       total 422400K, used 422181K [0x00000000c0000000, 0x00000000d9c80000, 0x00000000eab00000)
  object space 422400K, 99% used [0x00000000c0000000,0x00000000d9c497e0,0x00000000d9c80000)
 Metaspace       used 59609K, committed 61120K, reserved 1114112K
  class space    used 6208K, committed 6848K, reserved 1048576K
}
Event: 33.728 GC heap after
{Heap after GC invocations=665 (full 4):
 PSYoungGen      total 3584K, used 384K [0x00000000eab00000, 0x00000000eaf00000, 0x0000000100000000)
  eden space 3072K, 0% used [0x00000000eab00000,0x00000000eab00000,0x00000000eae00000)
  from space 512K, 75% used [0x00000000eae00000,0x00000000eae60000,0x00000000eae80000)
  to   space 512K, 0% used [0x00000000eae80000,0x00000000eae80000,0x00000000eaf00000)
 ParOldGen       total 422912K, used 422461K [0x00000000c0000000, 0x00000000d9d00000, 0x00000000eab00000)
  object space 422912K, 99% used [0x00000000c0000000,0x00000000d9c8f7e0,0x00000000d9d00000)
 Metaspace       used 59609K, committed 61120K, reserved 1114112K
  class space    used 6208K, committed 6848K, reserved 1048576K
}
Event: 33.746 GC heap before
{Heap before GC invocations=666 (full 4):
 PSYoungGen      total 3584K, used 3456K [0x00000000eab00000, 0x00000000eaf00000, 0x0000000100000000)
  eden space 3072K, 100% used [0x00000000eab00000,0x00000000eae00000,0x00000000eae00000)
  from space 512K, 75% used [0x00000000eae00000,0x00000000eae60000,0x00000000eae80000)
  to   space 512K, 0% used [0x00000000eae80000,0x00000000eae80000,0x00000000eaf00000)
 ParOldGen       total 422912K, used 422461K [0x00000000c0000000, 0x00000000d9d00000, 0x00000000eab00000)
  object space 422912K, 99% used [0x00000000c0000000,0x00000000d9c8f7e0,0x00000000d9d00000)
 Metaspace       used 59609K, committed 61120K, reserved 1114112K
  class space    used 6208K, committed 6848K, reserved 1048576K
}
Event: 33.748 GC heap after
{Heap after GC invocations=666 (full 4):
 PSYoungGen      total 3584K, used 448K [0x00000000eab00000, 0x00000000eaf00000, 0x0000000100000000)
  eden space 3072K, 0% used [0x00000000eab00000,0x00000000eab00000,0x00000000eae00000)
  from space 512K, 87% used [0x00000000eae80000,0x00000000eaef0000,0x00000000eaf00000)
  to   space 512K, 0% used [0x00000000eae00000,0x00000000eae00000,0x00000000eae80000)
 ParOldGen       total 422912K, used 422813K [0x00000000c0000000, 0x00000000d9d00000, 0x00000000eab00000)
  object space 422912K, 99% used [0x00000000c0000000,0x00000000d9ce77e0,0x00000000d9d00000)
 Metaspace       used 59609K, committed 61120K, reserved 1114112K
  class space    used 6208K, committed 6848K, reserved 1048576K
}
Event: 33.766 GC heap before
{Heap before GC invocations=667 (full 4):
 PSYoungGen      total 3584K, used 3520K [0x00000000eab00000, 0x00000000eaf00000, 0x0000000100000000)
  eden space 3072K, 100% used [0x00000000eab00000,0x00000000eae00000,0x00000000eae00000)
  from space 512K, 87% used [0x00000000eae80000,0x00000000eaef0000,0x00000000eaf00000)
  to   space 512K, 0% used [0x00000000eae00000,0x00000000eae00000,0x00000000eae80000)
 ParOldGen       total 422912K, used 422813K [0x00000000c0000000, 0x00000000d9d00000, 0x00000000eab00000)
  object space 422912K, 99% used [0x00000000c0000000,0x00000000d9ce77e0,0x00000000d9d00000)
 Metaspace       used 59609K, committed 61120K, reserved 1114112K
  class space    used 6208K, committed 6848K, reserved 1048576K
}
Event: 33.770 GC heap after
{Heap after GC invocations=667 (full 4):
 PSYoungGen      total 3584K, used 448K [0x00000000eab00000, 0x00000000eaf00000, 0x0000000100000000)
  eden space 3072K, 0% used [0x00000000eab00000,0x00000000eab00000,0x00000000eae00000)
  from space 512K, 87% used [0x00000000eae00000,0x00000000eae70000,0x00000000eae80000)
  to   space 512K, 0% used [0x00000000eae80000,0x00000000eae80000,0x00000000eaf00000)
 ParOldGen       total 423424K, used 423141K [0x00000000c0000000, 0x00000000d9d80000, 0x00000000eab00000)
  object space 423424K, 99% used [0x00000000c0000000,0x00000000d9d397e0,0x00000000d9d80000)
 Metaspace       used 59609K, committed 61120K, reserved 1114112K
  class space    used 6208K, committed 6848K, reserved 1048576K
}
Event: 33.852 GC heap before
{Heap before GC invocations=668 (full 4):
 PSYoungGen      total 3584K, used 3520K [0x00000000eab00000, 0x00000000eaf00000, 0x0000000100000000)
  eden space 3072K, 100% used [0x00000000eab00000,0x00000000eae00000,0x00000000eae00000)
  from space 512K, 87% used [0x00000000eae00000,0x00000000eae70000,0x00000000eae80000)
  to   space 512K, 0% used [0x00000000eae80000,0x00000000eae80000,0x00000000eaf00000)
 ParOldGen       total 423424K, used 423141K [0x00000000c0000000, 0x00000000d9d80000, 0x00000000eab00000)
  object space 423424K, 99% used [0x00000000c0000000,0x00000000d9d397e0,0x00000000d9d80000)
 Metaspace       used 59609K, committed 61120K, reserved 1114112K
  class space    used 6208K, committed 6848K, reserved 1048576K
}
Event: 33.855 GC heap after
{Heap after GC invocations=668 (full 4):
 PSYoungGen      total 3584K, used 396K [0x00000000eab00000, 0x00000000eaf00000, 0x0000000100000000)
  eden space 3072K, 0% used [0x00000000eab00000,0x00000000eab00000,0x00000000eae00000)
  from space 512K, 77% used [0x00000000eae80000,0x00000000eaee3008,0x00000000eaf00000)
  to   space 512K, 0% used [0x00000000eae00000,0x00000000eae00000,0x00000000eae80000)
 ParOldGen       total 423936K, used 423477K [0x00000000c0000000, 0x00000000d9e00000, 0x00000000eab00000)
  object space 423936K, 99% used [0x00000000c0000000,0x00000000d9d8d7e0,0x00000000d9e00000)
 Metaspace       used 59609K, committed 61120K, reserved 1114112K
  class space    used 6208K, committed 6848K, reserved 1048576K
}
Event: 33.879 GC heap before
{Heap before GC invocations=669 (full 4):
 PSYoungGen      total 3584K, used 3468K [0x00000000eab00000, 0x00000000eaf00000, 0x0000000100000000)
  eden space 3072K, 100% used [0x00000000eab00000,0x00000000eae00000,0x00000000eae00000)
  from space 512K, 77% used [0x00000000eae80000,0x00000000eaee3008,0x00000000eaf00000)
  to   space 512K, 0% used [0x00000000eae00000,0x00000000eae00000,0x00000000eae80000)
 ParOldGen       total 423936K, used 423477K [0x00000000c0000000, 0x00000000d9e00000, 0x00000000eab00000)
  object space 423936K, 99% used [0x00000000c0000000,0x00000000d9d8d7e0,0x00000000d9e00000)
 Metaspace       used 59609K, committed 61120K, reserved 1114112K
  class space    used 6208K, committed 6848K, reserved 1048576K
}
Event: 33.882 GC heap after
{Heap after GC invocations=669 (full 4):
 PSYoungGen      total 3584K, used 480K [0x00000000eab00000, 0x00000000eaf00000, 0x0000000100000000)
  eden space 3072K, 0% used [0x00000000eab00000,0x00000000eab00000,0x00000000eae00000)
  from space 512K, 93% used [0x00000000eae00000,0x00000000eae78000,0x00000000eae80000)
  to   space 512K, 0% used [0x00000000eae80000,0x00000000eae80000,0x00000000eaf00000)
 ParOldGen       total 423936K, used 423784K [0x00000000c0000000, 0x00000000d9e00000, 0x00000000eab00000)
  object space 423936K, 99% used [0x00000000c0000000,0x00000000d9dda390,0x00000000d9e00000)
 Metaspace       used 59609K, committed 61120K, reserved 1114112K
  class space    used 6208K, committed 6848K, reserved 1048576K
}

